Traceback (most recent call last):
  File "/opt/hostedtoolcache/Python/3.7.12/x64/lib/python3.7/site-packages/jupyter_cache/executors/utils.py", line 56, in single_nb_execution
    record_timing=False,
  File "/opt/hostedtoolcache/Python/3.7.12/x64/lib/python3.7/site-packages/nbclient/client.py", line 1093, in execute
    return NotebookClient(nb=nb, resources=resources, km=km, **kwargs).execute()
  File "/opt/hostedtoolcache/Python/3.7.12/x64/lib/python3.7/site-packages/nbclient/util.py", line 84, in wrapped
    return just_run(coro(*args, **kwargs))
  File "/opt/hostedtoolcache/Python/3.7.12/x64/lib/python3.7/site-packages/nbclient/util.py", line 62, in just_run
    return loop.run_until_complete(coro)
  File "/opt/hostedtoolcache/Python/3.7.12/x64/lib/python3.7/asyncio/base_events.py", line 587, in run_until_complete
    return future.result()
  File "/opt/hostedtoolcache/Python/3.7.12/x64/lib/python3.7/site-packages/nbclient/client.py", line 560, in async_execute
    cell, index, execution_count=self.code_cells_executed + 1
  File "/opt/hostedtoolcache/Python/3.7.12/x64/lib/python3.7/site-packages/nbclient/client.py", line 854, in async_execute_cell
    self._check_raise_for_error(cell, exec_reply)
  File "/opt/hostedtoolcache/Python/3.7.12/x64/lib/python3.7/site-packages/nbclient/client.py", line 756, in _check_raise_for_error
    raise CellExecutionError.from_cell_and_msg(cell, exec_reply_content)
nbclient.exceptions.CellExecutionError: An error occurred while executing the following cell:
------------------
import pandas as pd
import folium
from folium import plugins

df = pd.read_csv('solarstations.csv', encoding='latin1').fillna('')

GHIImagery = "https://d2asdkx1wwwi7q.cloudfront.net/v20210621/ghi_global/{z}/z{z}_{x}x{y}.jpg"
DNIImagery = "https://d2asdkx1wwwi7q.cloudfront.net/v20210621/dni_global/{z}/z{z}_{x}x{y}.jpg"
GlobalSolarAtlasAttribution = "Source: GlobalSolarAtlas 2.0. Data from Solargis."
EsriImagery = "https://server.arcgisonline.com/ArcGIS/rest/services/World_Imagery/MapServer/tile/{z}/{y}/{x}"
EsriAttribution = "Tiles &copy; Esri &mdash; Source: Esri, i-cubed, USDA, USGS, AEX, GeoEye, Getmapping, Aerogrid, IGN, IGP, UPR-EGP, and the GIS User Community"

# Create Folium map
m = folium.Map(
    location=[0, 15],
    zoom_start=1, min_zoom=1, max_bounds=True,
    control_scale=True,  # Adds distance scale in lower left corner
    tiles='openstreetmap')

# Add each station to the map
for index, row in df.iterrows():    
    if (row['Time period'].endswith('-')) or (row['Time period'] == ''):
        color = '#3186cc'  # Blue for active stations
    else:
        color = '#ff422b'  # Read for inactive stations
    folium.CircleMarker(
        location=[row['Latitude'], row['Longitude']],
        popup=row['Station full name'] + ' - ' + str(row['State']) + ' ' + row['Country'],
        tooltip=row['Abbreviation'],
        radius=5, color=color,
        fill_color=color, fill=True).add_to(m)

folium.raster_layers.TileLayer(EsriImagery, name='World imagery', attr=EsriAttribution).add_to(m)
folium.raster_layers.TileLayer(GHIImagery, name='GHI', attr=GlobalSolarAtlasAttribution,
                               max_zoom=10, max_native_zoom=10, zoomOffset=1).add_to(m)
folium.raster_layers.TileLayer(DNIImagery, name='DNI', attr=GlobalSolarAtlasAttribution,
                               max_zoom=10, max_native_zoom=10, zoomOffset=1).add_to(m)
folium.LayerControl(position='topright').add_to(m)

# Additional options and plugins
# Note it's not possible to change the position of the scale
#plugins.MiniMap(toggle_display=True, zoom_level_fixed=1, minimized=True, position='bottomright').add_to(m)  # Add minimap to the map
plugins.Fullscreen(position='bottomright').add_to(m)  # Add full screen button to map
folium.LatLngPopup().add_to(m)  # Show latitude/longitude when clicking on the map
# plugins.LocateControl(position='topright').add_to(m)  # Add button for your position
# plugins.MeasureControl(position='topleft').add_to(m)  # Add distance length measurement tool

# Create legend
legend_html = """
<div style="position:fixed;
     top: 10px; 
     left: 10px; 
     width: 120px; 
     height: 65px; 
     border:2px solid grey; 
     z-index: 9999;
     background-color:#f2efe9;
     font-size:14px;">
     &nbsp;<b>Station markers</b><br>
     &nbsp;<i class="fa fa-circle fa-1x" style="color:#3186cc"></i>&nbsp;Active<br>
     &nbsp;<i class="fa fa-circle fa-1x" style="color:#FA8072"></i>&nbsp;Inactive<br>
</div>"""
m.get_root().html.add_child(folium.Element(legend_html))  # Add Legend to map

# Show the map
m
------------------

[0;31m---------------------------------------------------------------------------[0m
[0;31mValueError[0m                                Traceback (most recent call last)
[0;32m/opt/hostedtoolcache/Python/3.7.12/x64/lib/python3.7/site-packages/folium/utilities.py[0m in [0;36mvalidate_location[0;34m(location)[0m
[1;32m     59[0m         [0;32mtry[0m[0;34m:[0m[0;34m[0m[0;34m[0m[0m
[0;32m---> 60[0;31m             [0mfloat[0m[0;34m([0m[0mcoord[0m[0;34m)[0m[0;34m[0m[0;34m[0m[0m
[0m[1;32m     61[0m         [0;32mexcept[0m [0;34m([0m[0mTypeError[0m[0;34m,[0m [0mValueError[0m[0;34m)[0m[0;34m:[0m[0;34m[0m[0;34m[0m[0m

[0;31mValueError[0m: could not convert string to float: 

During handling of the above exception, another exception occurred:

[0;31mValueError[0m                                Traceback (most recent call last)
[0;32m/tmp/ipykernel_1660/1341324437.py[0m in [0;36m<module>[0;34m[0m
[1;32m     29[0m         [0mtooltip[0m[0;34m=[0m[0mrow[0m[0;34m[[0m[0;34m'Abbreviation'[0m[0;34m][0m[0;34m,[0m[0;34m[0m[0;34m[0m[0m
[1;32m     30[0m         [0mradius[0m[0;34m=[0m[0;36m5[0m[0;34m,[0m [0mcolor[0m[0;34m=[0m[0mcolor[0m[0;34m,[0m[0;34m[0m[0;34m[0m[0m
[0;32m---> 31[0;31m         fill_color=color, fill=True).add_to(m)
[0m[1;32m     32[0m [0;34m[0m[0m
[1;32m     33[0m [0mfolium[0m[0;34m.[0m[0mraster_layers[0m[0;34m.[0m[0mTileLayer[0m[0;34m([0m[0mEsriImagery[0m[0;34m,[0m [0mname[0m[0;34m=[0m[0;34m'World imagery'[0m[0;34m,[0m [0mattr[0m[0;34m=[0m[0mEsriAttribution[0m[0;34m)[0m[0;34m.[0m[0madd_to[0m[0;34m([0m[0mm[0m[0;34m)[0m[0;34m[0m[0;34m[0m[0m

[0;32m/opt/hostedtoolcache/Python/3.7.12/x64/lib/python3.7/site-packages/folium/vector_layers.py[0m in [0;36m__init__[0;34m(self, location, radius, popup, tooltip, **kwargs)[0m
[1;32m    303[0m     [0;32mdef[0m [0m__init__[0m[0;34m([0m[0mself[0m[0;34m,[0m [0mlocation[0m[0;34m=[0m[0;32mNone[0m[0;34m,[0m [0mradius[0m[0;34m=[0m[0;36m10[0m[0;34m,[0m [0mpopup[0m[0;34m=[0m[0;32mNone[0m[0;34m,[0m [0mtooltip[0m[0;34m=[0m[0;32mNone[0m[0;34m,[0m [0;34m**[0m[0mkwargs[0m[0;34m)[0m[0;34m:[0m[0;34m[0m[0;34m[0m[0m
[1;32m    304[0m         super(CircleMarker, self).__init__(location, popup=popup,
[0;32m--> 305[0;31m                                            tooltip=tooltip)
[0m[1;32m    306[0m         [0mself[0m[0;34m.[0m[0m_name[0m [0;34m=[0m [0;34m'CircleMarker'[0m[0;34m[0m[0;34m[0m[0m
[1;32m    307[0m         [0mself[0m[0;34m.[0m[0moptions[0m [0;34m=[0m [0mpath_options[0m[0;34m([0m[0mline[0m[0;34m=[0m[0;32mFalse[0m[0;34m,[0m [0mradius[0m[0;34m=[0m[0mradius[0m[0;34m,[0m [0;34m**[0m[0mkwargs[0m[0;34m)[0m[0;34m[0m[0;34m[0m[0m

[0;32m/opt/hostedtoolcache/Python/3.7.12/x64/lib/python3.7/site-packages/folium/map.py[0m in [0;36m__init__[0;34m(self, location, popup, tooltip, icon, draggable, **kwargs)[0m
[1;32m    275[0m         [0msuper[0m[0;34m([0m[0mMarker[0m[0;34m,[0m [0mself[0m[0;34m)[0m[0;34m.[0m[0m__init__[0m[0;34m([0m[0;34m)[0m[0;34m[0m[0;34m[0m[0m
[1;32m    276[0m         [0mself[0m[0;34m.[0m[0m_name[0m [0;34m=[0m [0;34m'Marker'[0m[0;34m[0m[0;34m[0m[0m
[0;32m--> 277[0;31m         [0mself[0m[0;34m.[0m[0mlocation[0m [0;34m=[0m [0mvalidate_location[0m[0;34m([0m[0mlocation[0m[0;34m)[0m [0;32mif[0m [0mlocation[0m [0;32melse[0m [0;32mNone[0m[0;34m[0m[0;34m[0m[0m
[0m[1;32m    278[0m         self.options = parse_options(
[1;32m    279[0m             [0mdraggable[0m[0;34m=[0m[0mdraggable[0m [0;32mor[0m [0;32mNone[0m[0;34m,[0m[0;34m[0m[0;34m[0m[0m

[0;32m/opt/hostedtoolcache/Python/3.7.12/x64/lib/python3.7/site-packages/folium/utilities.py[0m in [0;36mvalidate_location[0;34m(location)[0m
[1;32m     62[0m             raise ValueError('Location should consist of two numerical values, '
[1;32m     63[0m                              [0;34m'but {!r} of type {} is not convertible to float.'[0m[0;34m[0m[0;34m[0m[0m
[0;32m---> 64[0;31m                              .format(coord, type(coord)))
[0m[1;32m     65[0m         [0;32mif[0m [0mmath[0m[0;34m.[0m[0misnan[0m[0;34m([0m[0mfloat[0m[0;34m([0m[0mcoord[0m[0;34m)[0m[0;34m)[0m[0;34m:[0m[0;34m[0m[0;34m[0m[0m
[1;32m     66[0m             [0;32mraise[0m [0mValueError[0m[0;34m([0m[0;34m'Location values cannot contain NaNs.'[0m[0;34m)[0m[0;34m[0m[0;34m[0m[0m

[0;31mValueError[0m: Location should consist of two numerical values, but '' of type <class 'str'> is not convertible to float.
ValueError: Location should consist of two numerical values, but '' of type <class 'str'> is not convertible to float.

